SF:lib\blocs\home\bloc.dart
DA:8,2
DA:9,1
DA:11,0
DA:12,0
DA:14,0
DA:18,2
DA:19,4
DA:22,1
DA:23,0
DA:26,1
DA:27,0
DA:30,1
DA:31,0
DA:34,1
DA:35,1
LF:15
LH:9
end_of_record
SF:lib\blocs\home\event.dart
DA:4,1
DA:6,0
DA:7,0
DA:15,1
DA:17,0
DA:18,0
DA:24,0
DA:26,0
DA:27,0
DA:33,0
DA:35,0
DA:36,0
DA:42,0
DA:44,0
DA:45,0
LF:15
LH:2
end_of_record
SF:lib\blocs\home\state.dart
DA:9,4
DA:16,1
DA:22,1
DA:23,0
DA:24,1
DA:25,1
DA:26,1
DA:30,1
DA:31,5
LF:9
LH:8
end_of_record
SF:lib\blocs\home\fetchdata.dart
DA:6,0
DA:7,0
DA:8,0
DA:21,0
DA:22,0
DA:23,0
DA:25,0
DA:29,0
DA:30,0
DA:31,0
DA:32,0
DA:33,0
DA:34,0
DA:35,0
DA:36,0
DA:37,0
DA:41,0
DA:44,0
LF:18
LH:0
end_of_record
SF:lib\socket\socket_service.dart
DA:6,1
DA:7,2
DA:8,1
DA:12,1
DA:14,1
DA:15,0
DA:18,1
DA:19,0
DA:22,1
DA:28,0
DA:29,0
DA:30,0
LF:12
LH:7
end_of_record
